<?xml version="1.0" encoding="UTF-8"?>
<!-- Generated by org.testng.reporters.JUnitReportReporter -->
<testsuite hostname="Juans-MacBook-Pro-2.local" name="com.talos.selenium.viamericasQA.TestCases" tests="5" failures="0" timestamp="23 May 2016 22:07:03 GMT" time="9.650" errors="0">
  <testcase name="CheckGetaQuote" time="3.771" classname="com.talos.selenium.viamericasQA.TestCases"/>
  <testcase name="CheckHowitWork" time="1.306" classname="com.talos.selenium.viamericasQA.TestCases"/>
  <testcase name="CheckLocation" time="1.277" classname="com.talos.selenium.viamericasQA.TestCases"/>
  <testcase name="CheckLogin" time="0.893" classname="com.talos.selenium.viamericasQA.TestCases"/>
  <testcase name="CheckTransactionHistory" time="2.403" classname="com.talos.selenium.viamericasQA.TestCases"/>
</testsuite> <!-- com.talos.selenium.viamericasQA.TestCases -->
