<?xml version="1.0" encoding="UTF-8"?>
<!-- Generated by org.testng.reporters.JUnitReportReporter -->
<testsuite hostname="Juans-MacBook-Pro-2.local" name="com.talos.selenium.viamericasQA.TestVIAM_664" tests="3" failures="0" timestamp="13 May 2016 18:57:01 GMT" time="6.855" errors="0">
  <testcase name="checkprivacy" time="0.761" classname="com.talos.selenium.viamericasQA.TestVIAM_664"/>
  <testcase name="checCarrersPage" time="3.747" classname="com.talos.selenium.viamericasQA.TestVIAM_664"/>
  <testcase name="checkcustomerandp" time="2.347" classname="com.talos.selenium.viamericasQA.TestVIAM_664"/>
</testsuite> <!-- com.talos.selenium.viamericasQA.TestVIAM_664 -->
