<?xml version="1.0" encoding="UTF-8"?>
<!-- Generated by org.testng.reporters.JUnitReportReporter -->
<testsuite hostname="Juans-MacBook-Pro-2.local" name="com.talos.selenium.viamericasQA.TestBankCash" tests="1" failures="0" timestamp="12 May 2016 18:33:53 GMT" time="26.795" errors="0">
  <testcase name="DestinationInfo" time="26.795" classname="com.talos.selenium.viamericasQA.TestBankCash"/>
</testsuite> <!-- com.talos.selenium.viamericasQA.TestBankCash -->
