<?xml version="1.0" encoding="UTF-8"?>
<!-- Generated by org.testng.reporters.JUnitReportReporter -->
<testsuite hostname="Juans-MacBook-Pro-2.local" name="com.talos.selenium.viamericasQA.TestPages" tests="5" failures="0" timestamp="23 May 2016 22:02:38 GMT" time="6.014" errors="0">
  <testcase name="checkCarrersPage" time="1.066" classname="com.talos.selenium.viamericasQA.TestPages"/>
  <testcase name="checkcustomeragreement" time="1.909" classname="com.talos.selenium.viamericasQA.TestPages"/>
  <testcase name="checkAgentsPage" time="1.725" classname="com.talos.selenium.viamericasQA.TestPages"/>
  <testcase name="checkNewsPage" time="0.337" classname="com.talos.selenium.viamericasQA.TestPages"/>
  <testcase name="checkprivacy" time="0.977" classname="com.talos.selenium.viamericasQA.TestPages"/>
</testsuite> <!-- com.talos.selenium.viamericasQA.TestPages -->
